t=2025-10-10T18:09:25+0800 lvl=info msg="no configuration paths supplied"
t=2025-10-10T18:09:25+0800 lvl=info msg="using configuration at default config path" path="/Users/atiffriduan/Library/Application Support/ngrok/ngrok.yml"
t=2025-10-10T18:09:25+0800 lvl=info msg="open config file" path="/Users/atiffriduan/Library/Application Support/ngrok/ngrok.yml" err=nil
t=2025-10-10T18:09:26+0800 lvl=info msg="starting web service" obj=web addr=127.0.0.1:4040 allow_hosts=[]
t=2025-10-10T18:09:26+0800 lvl=info msg="client session established" obj=tunnels.session
t=2025-10-10T18:09:26+0800 lvl=info msg="tunnel session started" obj=tunnels.session
t=2025-10-10T18:09:26+0800 lvl=info msg="started tunnel" obj=tunnels name=command_line addr=http://localhost:3000 url=https://578c549fe8a2.ngrok-free.app
t=2025-10-10T18:09:27+0800 lvl=info msg="update available" obj=updater
t=2025-10-10T19:35:39+0800 lvl=eror msg="session closed, starting reconnect loop" obj=tunnels.session obj=csess id=48e883c4ebbc err="read tcp [2001:e68:5471:9035:d82a:d467:1706:982f]:57717->[2406:da18:27f:c802:9def:504c:a7bb:2751]:443: read: connection reset by peer"
t=2025-10-10T19:35:40+0800 lvl=info msg="client session established" obj=tunnels.session
t=2025-10-10T19:35:40+0800 lvl=info msg="tunnel session started" obj=tunnels.session
t=2025-10-10T19:35:54+0800 lvl=eror msg="heartbeat timeout, terminating session" obj=tunnels.session obj=csess id=42cfce5f2c28 clientid=9bb83fbf6fc443a3e19e4215d84a51f8
t=2025-10-10T19:51:53+0800 lvl=eror msg="session closed, starting reconnect loop" obj=tunnels.session obj=csess id=48e883c4ebbc err="read tcp [2001:e68:5471:9035:d82a:d467:1706:982f]:62651->[2406:da18:27f:c802:9def:504c:a7bb:2751]:443: read: connection reset by peer"
t=2025-10-10T19:51:56+0800 lvl=info msg="client session established" obj=tunnels.session
t=2025-10-10T19:51:56+0800 lvl=info msg="tunnel session started" obj=tunnels.session
t=2025-10-10T19:52:08+0800 lvl=eror msg="heartbeat timeout, terminating session" obj=tunnels.session obj=csess id=a348a946dd49 clientid=9bb83fbf6fc443a3e19e4215d84a51f8
t=2025-10-10T20:10:35+0800 lvl=eror msg="session closed, starting reconnect loop" obj=tunnels.session obj=csess id=48e883c4ebbc err="read tcp [2001:e68:5471:9035:d82a:d467:1706:982f]:62658->[2406:da18:27f:c801:488c:fa92:14cb:d5c3]:443: read: connection reset by peer"
t=2025-10-10T20:10:38+0800 lvl=info msg="client session established" obj=tunnels.session
t=2025-10-10T20:10:38+0800 lvl=info msg="tunnel session started" obj=tunnels.session
t=2025-10-10T20:10:57+0800 lvl=eror msg="heartbeat timeout, terminating session" obj=tunnels.session obj=csess id=44222b086fc1 clientid=9bb83fbf6fc443a3e19e4215d84a51f8
t=2025-10-10T20:27:22+0800 lvl=eror msg="session closed, starting reconnect loop" obj=tunnels.session obj=csess id=48e883c4ebbc err="read tcp [2001:e68:5471:9035:d82a:d467:1706:982f]:62674->[2406:da18:27f:c802:9def:504c:a7bb:2751]:443: read: connection reset by peer"
t=2025-10-10T20:27:23+0800 lvl=info msg="client session established" obj=tunnels.session
t=2025-10-10T20:27:23+0800 lvl=info msg="tunnel session started" obj=tunnels.session
t=2025-10-10T20:27:37+0800 lvl=eror msg="heartbeat timeout, terminating session" obj=tunnels.session obj=csess id=870abf35fd77 clientid=9bb83fbf6fc443a3e19e4215d84a51f8
t=2025-10-10T20:45:59+0800 lvl=eror msg="session closed, starting reconnect loop" obj=tunnels.session obj=csess id=48e883c4ebbc err="read tcp [2001:e68:5471:9035:d82a:d467:1706:982f]:62686->[2406:da18:27f:c800:c5b4:5952:cc7b:66fa]:443: read: connection reset by peer"
t=2025-10-10T20:45:59+0800 lvl=info msg="client session established" obj=tunnels.session
t=2025-10-10T20:45:59+0800 lvl=info msg="tunnel session started" obj=tunnels.session
t=2025-10-10T20:46:14+0800 lvl=eror msg="heartbeat timeout, terminating session" obj=tunnels.session obj=csess id=d2c9582f44c6 clientid=9bb83fbf6fc443a3e19e4215d84a51f8
t=2025-10-10T21:02:34+0800 lvl=eror msg="session closed, starting reconnect loop" obj=tunnels.session obj=csess id=48e883c4ebbc err="read tcp [2001:e68:5471:9035:d82a:d467:1706:982f]:62698->[2406:da18:27f:c802:9def:504c:a7bb:2751]:443: read: connection reset by peer"
t=2025-10-10T21:02:35+0800 lvl=info msg="client session established" obj=tunnels.session
t=2025-10-10T21:02:35+0800 lvl=info msg="tunnel session started" obj=tunnels.session
t=2025-10-10T21:02:49+0800 lvl=eror msg="heartbeat timeout, terminating session" obj=tunnels.session obj=csess id=f0e795d8cb31 clientid=9bb83fbf6fc443a3e19e4215d84a51f8
t=2025-10-10T21:25:38+0800 lvl=eror msg="session closed, starting reconnect loop" obj=tunnels.session obj=csess id=48e883c4ebbc err="read tcp [2001:e68:5471:9035:d82a:d467:1706:982f]:62710->[2406:da18:27f:c800:c5b4:5952:cc7b:66fa]:443: read: connection reset by peer"
t=2025-10-10T21:25:39+0800 lvl=info msg="client session established" obj=tunnels.session
t=2025-10-10T21:25:39+0800 lvl=info msg="tunnel session started" obj=tunnels.session
t=2025-10-10T21:25:53+0800 lvl=eror msg="heartbeat timeout, terminating session" obj=tunnels.session obj=csess id=c4777cc4d389 clientid=9bb83fbf6fc443a3e19e4215d84a51f8
t=2025-10-10T21:52:15+0800 lvl=eror msg="session closed, starting reconnect loop" obj=tunnels.session obj=csess id=48e883c4ebbc err="read tcp [2001:e68:5471:9035:d82a:d467:1706:982f]:62720->[2406:da18:27f:c801:488c:fa92:14cb:d5c3]:443: read: connection reset by peer"
t=2025-10-10T21:52:16+0800 lvl=info msg="client session established" obj=tunnels.session
t=2025-10-10T21:52:16+0800 lvl=info msg="tunnel session started" obj=tunnels.session
t=2025-10-10T21:52:32+0800 lvl=eror msg="heartbeat timeout, terminating session" obj=tunnels.session obj=csess id=0542771be5a5 clientid=9bb83fbf6fc443a3e19e4215d84a51f8
t=2025-10-11T02:48:09+0800 lvl=warn msg="failed to check for update" obj=updater err="Post \"https://update.equinox.io/check\": context deadline exceeded"
t=2025-10-11T06:48:19+0800 lvl=eror msg="session closed, starting reconnect loop" obj=tunnels.session obj=csess id=48e883c4ebbc err="read tcp [2001:e68:5471:9035:d82a:d467:1706:982f]:62729->[2406:da18:27f:c801:9c7a:b0fd:8a8d:bc5]:443: read: connection reset by peer"
t=2025-10-11T06:48:23+0800 lvl=info msg="client session established" obj=tunnels.session
t=2025-10-11T06:48:23+0800 lvl=info msg="tunnel session started" obj=tunnels.session
t=2025-10-11T06:48:34+0800 lvl=eror msg="heartbeat timeout, terminating session" obj=tunnels.session obj=csess id=673b130f4863 clientid=9bb83fbf6fc443a3e19e4215d84a51f8
t=2025-10-11T08:15:51+0800 lvl=eror msg="session closed, starting reconnect loop" obj=tunnels.session obj=csess id=48e883c4ebbc err="read tcp [2001:e68:5471:9035:f84d:f48d:ce6c:afee]:55465->[2406:da18:27f:c801:9c7a:b0fd:8a8d:bc5]:443: read: connection reset by peer"
t=2025-10-11T08:15:52+0800 lvl=info msg="client session established" obj=tunnels.session
t=2025-10-11T08:15:52+0800 lvl=info msg="tunnel session started" obj=tunnels.session
t=2025-10-11T08:16:06+0800 lvl=eror msg="heartbeat timeout, terminating session" obj=tunnels.session obj=csess id=cc069eaadb72 clientid=9bb83fbf6fc443a3e19e4215d84a51f8
t=2025-10-11T09:49:46+0800 lvl=eror msg="session closed, starting reconnect loop" obj=tunnels.session obj=csess id=48e883c4ebbc err="read tcp [2001:e68:5471:9035:f84d:f48d:ce6c:afee]:57428->[2406:da18:27f:c802:9def:504c:a7bb:2751]:443: read: connection reset by peer"
t=2025-10-11T09:49:46+0800 lvl=info msg="client session established" obj=tunnels.session
t=2025-10-11T09:49:46+0800 lvl=info msg="tunnel session started" obj=tunnels.session
t=2025-10-11T09:50:01+0800 lvl=eror msg="heartbeat timeout, terminating session" obj=tunnels.session obj=csess id=5ce641f157f4 clientid=9bb83fbf6fc443a3e19e4215d84a51f8
t=2025-10-11T10:05:10+0800 lvl=eror msg="session closed, starting reconnect loop" obj=tunnels.session obj=csess id=48e883c4ebbc err="read tcp [2001:e68:5471:9035:f84d:f48d:ce6c:afee]:61330->[2406:da18:27f:c800:c5b4:5952:cc7b:66fa]:443: read: connection reset by peer"
t=2025-10-11T10:05:11+0800 lvl=info msg="client session established" obj=tunnels.session
t=2025-10-11T10:05:11+0800 lvl=info msg="tunnel session started" obj=tunnels.session
t=2025-10-11T10:05:22+0800 lvl=eror msg="heartbeat timeout, terminating session" obj=tunnels.session obj=csess id=e6c84c23bbc9 clientid=9bb83fbf6fc443a3e19e4215d84a51f8
t=2025-10-11T11:00:30+0800 lvl=info msg="update available" obj=updater
t=2025-10-11T13:51:48+0800 lvl=eror msg="session closed, starting reconnect loop" obj=tunnels.session obj=csess id=48e883c4ebbc err="read tcp [2001:e68:5471:9035:f84d:f48d:ce6c:afee]:61620->[2406:da18:27f:c801:9c7a:b0fd:8a8d:bc5]:443: read: connection reset by peer"
t=2025-10-11T13:51:48+0800 lvl=info msg="client session established" obj=tunnels.session
t=2025-10-11T13:51:48+0800 lvl=info msg="tunnel session started" obj=tunnels.session
t=2025-10-11T13:52:07+0800 lvl=eror msg="heartbeat timeout, terminating session" obj=tunnels.session obj=csess id=4f599677cd87 clientid=9bb83fbf6fc443a3e19e4215d84a51f8
t=2025-10-11T14:03:57+0800 lvl=eror msg="heartbeat timeout, terminating session" obj=tunnels.session obj=csess id=18697e10c493 clientid=9bb83fbf6fc443a3e19e4215d84a51f8
t=2025-10-11T14:03:57+0800 lvl=eror msg="session closed, starting reconnect loop" obj=tunnels.session obj=csess id=48e883c4ebbc err="session closed"
t=2025-10-11T14:03:57+0800 lvl=info msg="client session established" obj=tunnels.session
t=2025-10-11T14:03:57+0800 lvl=info msg="tunnel session started" obj=tunnels.session
t=2025-10-11T18:04:07+0800 lvl=warn msg="failed to check for update" obj=updater err="Post \"https://update.equinox.io/check\": context deadline exceeded"
t=2025-10-11T23:24:41+0800 lvl=eror msg="session closed, starting reconnect loop" obj=tunnels.session obj=csess id=48e883c4ebbc err="read tcp [2001:e68:5471:9035:bc6d:1621:2064:e9af]:59634->[2406:da18:27f:c800:1a8b:30fc:a82d:78e9]:443: read: connection reset by peer"
t=2025-10-11T23:24:43+0800 lvl=info msg="client session established" obj=tunnels.session
t=2025-10-11T23:24:43+0800 lvl=info msg="tunnel session started" obj=tunnels.session
t=2025-10-11T23:24:54+0800 lvl=eror msg="heartbeat timeout, terminating session" obj=tunnels.session obj=csess id=44cd74cbd931 clientid=9bb83fbf6fc443a3e19e4215d84a51f8
t=2025-10-11T23:57:41+0800 lvl=eror msg="session closed, starting reconnect loop" obj=tunnels.session obj=csess id=48e883c4ebbc err="read tcp [2001:e68:5471:9035:bc6d:1621:2064:e9af]:51858->[2406:da18:27f:c802:9def:504c:a7bb:2751]:443: read: connection reset by peer"
t=2025-10-11T23:57:43+0800 lvl=info msg="client session established" obj=tunnels.session
t=2025-10-11T23:57:43+0800 lvl=info msg="tunnel session started" obj=tunnels.session
t=2025-10-11T23:57:55+0800 lvl=eror msg="heartbeat timeout, terminating session" obj=tunnels.session obj=csess id=80786205119b clientid=9bb83fbf6fc443a3e19e4215d84a51f8
t=2025-10-12T04:09:40+0800 lvl=eror msg="session closed, starting reconnect loop" obj=tunnels.session obj=csess id=48e883c4ebbc err="read tcp [2001:e68:5471:9035:bc6d:1621:2064:e9af]:51927->[2406:da18:27f:c801:9c7a:b0fd:8a8d:bc5]:443: read: connection reset by peer"
t=2025-10-12T04:09:41+0800 lvl=info msg="client session established" obj=tunnels.session
t=2025-10-12T04:09:41+0800 lvl=info msg="tunnel session started" obj=tunnels.session
t=2025-10-12T04:09:55+0800 lvl=eror msg="heartbeat timeout, terminating session" obj=tunnels.session obj=csess id=42a872ae08c9 clientid=9bb83fbf6fc443a3e19e4215d84a51f8
t=2025-10-12T06:21:45+0800 lvl=eror msg="session closed, starting reconnect loop" obj=tunnels.session obj=csess id=48e883c4ebbc err="read tcp [2001:e68:5471:9035:bc6d:1621:2064:e9af]:52633->[2406:da18:27f:c800:c5b4:5952:cc7b:66fa]:443: read: connection reset by peer"
t=2025-10-12T06:21:46+0800 lvl=info msg="client session established" obj=tunnels.session
t=2025-10-12T06:21:46+0800 lvl=info msg="tunnel session started" obj=tunnels.session
t=2025-10-12T06:22:00+0800 lvl=eror msg="heartbeat timeout, terminating session" obj=tunnels.session obj=csess id=b51ee511499f clientid=9bb83fbf6fc443a3e19e4215d84a51f8
t=2025-10-12T06:38:05+0800 lvl=eror msg="session closed, starting reconnect loop" obj=tunnels.session obj=csess id=48e883c4ebbc err="read tcp [2001:e68:5471:9035:bc6d:1621:2064:e9af]:64052->[2406:da18:27f:c800:c5b4:5952:cc7b:66fa]:443: read: connection reset by peer"
t=2025-10-12T06:38:05+0800 lvl=info msg="client session established" obj=tunnels.session
t=2025-10-12T06:38:05+0800 lvl=info msg="tunnel session started" obj=tunnels.session
t=2025-10-12T06:38:20+0800 lvl=eror msg="heartbeat timeout, terminating session" obj=tunnels.session obj=csess id=895fcf1fdf17 clientid=9bb83fbf6fc443a3e19e4215d84a51f8
t=2025-10-12T06:54:27+0800 lvl=eror msg="session closed, starting reconnect loop" obj=tunnels.session obj=csess id=48e883c4ebbc err="read tcp [2001:e68:5471:9035:bc6d:1621:2064:e9af]:64270->[2406:da18:27f:c801:9c7a:b0fd:8a8d:bc5]:443: read: connection reset by peer"
t=2025-10-12T06:54:27+0800 lvl=info msg="client session established" obj=tunnels.session
t=2025-10-12T06:54:27+0800 lvl=info msg="tunnel session started" obj=tunnels.session
t=2025-10-12T06:54:42+0800 lvl=eror msg="heartbeat timeout, terminating session" obj=tunnels.session obj=csess id=9720abbd7bce clientid=9bb83fbf6fc443a3e19e4215d84a51f8
t=2025-10-12T07:12:36+0800 lvl=eror msg="session closed, starting reconnect loop" obj=tunnels.session obj=csess id=48e883c4ebbc err="read tcp [2001:e68:5471:9035:bc6d:1621:2064:e9af]:64474->[2406:da18:27f:c801:488c:fa92:14cb:d5c3]:443: read: connection reset by peer"
t=2025-10-12T07:12:37+0800 lvl=info msg="client session established" obj=tunnels.session
t=2025-10-12T07:12:37+0800 lvl=info msg="tunnel session started" obj=tunnels.session
t=2025-10-12T07:12:50+0800 lvl=eror msg="heartbeat timeout, terminating session" obj=tunnels.session obj=csess id=31022af07923 clientid=9bb83fbf6fc443a3e19e4215d84a51f8
t=2025-10-12T07:34:18+0800 lvl=eror msg="session closed, starting reconnect loop" obj=tunnels.session obj=csess id=48e883c4ebbc err="read tcp [2001:e68:5471:9035:bc6d:1621:2064:e9af]:64724->[2406:da18:27f:c800:1a8b:30fc:a82d:78e9]:443: read: connection reset by peer"
t=2025-10-12T07:34:19+0800 lvl=info msg="client session established" obj=tunnels.session
t=2025-10-12T07:34:19+0800 lvl=info msg="tunnel session started" obj=tunnels.session
t=2025-10-12T07:34:42+0800 lvl=eror msg="heartbeat timeout, terminating session" obj=tunnels.session obj=csess id=40ff932dcf35 clientid=9bb83fbf6fc443a3e19e4215d84a51f8
t=2025-10-12T07:50:40+0800 lvl=eror msg="session closed, starting reconnect loop" obj=tunnels.session obj=csess id=48e883c4ebbc err="read tcp [2001:e68:5471:9035:bc6d:1621:2064:e9af]:49771->[2406:da18:27f:c801:488c:fa92:14cb:d5c3]:443: read: connection reset by peer"
t=2025-10-12T07:50:40+0800 lvl=info msg="client session established" obj=tunnels.session
t=2025-10-12T07:50:40+0800 lvl=info msg="tunnel session started" obj=tunnels.session
t=2025-10-12T07:50:53+0800 lvl=eror msg="heartbeat timeout, terminating session" obj=tunnels.session obj=csess id=82f6770f20dc clientid=9bb83fbf6fc443a3e19e4215d84a51f8
t=2025-10-12T08:08:10+0800 lvl=eror msg="session closed, starting reconnect loop" obj=tunnels.session obj=csess id=48e883c4ebbc err="read tcp [2001:e68:5471:9035:bc6d:1621:2064:e9af]:49991->[2406:da18:27f:c801:9c7a:b0fd:8a8d:bc5]:443: read: connection reset by peer"
t=2025-10-12T08:08:10+0800 lvl=info msg="client session established" obj=tunnels.session
t=2025-10-12T08:08:10+0800 lvl=info msg="tunnel session started" obj=tunnels.session
t=2025-10-12T08:08:25+0800 lvl=eror msg="heartbeat timeout, terminating session" obj=tunnels.session obj=csess id=a6fb8e7e55bd clientid=9bb83fbf6fc443a3e19e4215d84a51f8
t=2025-10-12T08:24:52+0800 lvl=eror msg="session closed, starting reconnect loop" obj=tunnels.session obj=csess id=48e883c4ebbc err="read tcp [2001:e68:5471:9035:bc6d:1621:2064:e9af]:50208->[2406:da18:27f:c801:488c:fa92:14cb:d5c3]:443: read: connection reset by peer"
t=2025-10-12T08:24:53+0800 lvl=info msg="client session established" obj=tunnels.session
t=2025-10-12T08:24:53+0800 lvl=info msg="tunnel session started" obj=tunnels.session
t=2025-10-12T08:25:07+0800 lvl=eror msg="heartbeat timeout, terminating session" obj=tunnels.session obj=csess id=26c44289d2fa clientid=9bb83fbf6fc443a3e19e4215d84a51f8
t=2025-10-12T08:50:32+0800 lvl=eror msg="session closed, starting reconnect loop" obj=tunnels.session obj=csess id=48e883c4ebbc err="read tcp [2001:e68:5471:9035:bc6d:1621:2064:e9af]:50423->[2406:da18:27f:c802:9def:504c:a7bb:2751]:443: read: connection reset by peer"
t=2025-10-12T08:50:34+0800 lvl=info msg="client session established" obj=tunnels.session
t=2025-10-12T08:50:34+0800 lvl=info msg="tunnel session started" obj=tunnels.session
t=2025-10-12T08:50:46+0800 lvl=eror msg="heartbeat timeout, terminating session" obj=tunnels.session obj=csess id=eb06f2209a3b clientid=9bb83fbf6fc443a3e19e4215d84a51f8
